info it worked if it ends with ok
verbose cli [ '/home/cloud9/c9/support/node-c9-builds-v4/node-c9-sunos',
verbose cli   '/home/ide_heathdutton/workspaces/npm/bin/npm.js',
verbose cli   'install' ]
info using npm@1.0.1rc6
info using node@v0.4.5
verbose config file /home/cloud9/.npmrc
verbose config file /home/cloud9/c9/support/etc/npmrc
ERR! Couldn't read dependencies.
ERR! { stack: [Getter/Setter],
ERR!   arguments: undefined,
ERR!   type: undefined,
ERR!   message: 'Invalid name: "Castle 4" may not start with \'.\' or contain %/@+: or whitespace' }
ERR! Report this *entire* log at:
ERR!     <http://github.com/isaacs/npm/issues>
ERR! or email it to:
ERR!     <npm-@googlegroups.com>
ERR! 
ERR! System SunOS 5.11
ERR! command "/home/cloud9/c9/support/node-c9-builds-v4/node-c9-sunos" "/home/ide_heathdutton/workspaces/npm/bin/npm.js" "install"
verbose exit [ 1, true ]
